2019-04-19 16:54:23,513 [ INFO] - com.lzjd.mis.graduate.GraduateApiBootApplication - Starting GraduateApiBootApplication on Coding with PID 6620 (D:\project\graduate\target\classes started by Kt.w in D:\project\graduate)
2019-04-19 16:54:23,519 [ INFO] - com.lzjd.mis.graduate.GraduateApiBootApplication - No active profile set, falling back to default profiles: default
2019-04-19 16:54:23,862 [ INFO] - org.springframework.boot.context.embedded.AnnotationConfigEmbeddedWebApplicationContext - Refreshing org.springframework.boot.context.embedded.AnnotationConfigEmbeddedWebApplicationContext@75d4a5c2: startup date [Fri Apr 19 16:54:23 CST 2019]; root of context hierarchy
2019-04-19 16:54:23,898 [ INFO] - org.hibernate.validator.internal.util.Version - HV000001: Hibernate Validator 5.3.5.Final
2019-04-19 16:54:26,034 [ INFO] - org.springframework.context.support.PostProcessorRegistrationDelegate$BeanPostProcessorChecker - Bean 'org.springframework.transaction.annotation.ProxyTransactionManagementConfiguration' of type [org.springframework.transaction.annotation.ProxyTransactionManagementConfiguration$$EnhancerBySpringCGLIB$$9173fb0a] is not eligible for getting processed by all BeanPostProcessors (for example: not eligible for auto-proxying)
2019-04-19 16:54:26,638 [ INFO] - org.springframework.boot.context.embedded.tomcat.TomcatEmbeddedServletContainer - Tomcat initialized with port(s): 9021 (http)
2019-04-19 16:54:26,655 [ INFO] - org.apache.catalina.core.StandardService - Starting service [Tomcat]
2019-04-19 16:54:26,658 [ INFO] - org.apache.catalina.core.StandardEngine - Starting Servlet Engine: Apache Tomcat/8.5.16
2019-04-19 16:54:26,845 [ INFO] - org.apache.catalina.core.ContainerBase.[Tomcat].[localhost].[/] - Initializing Spring embedded WebApplicationContext
2019-04-19 16:54:26,845 [ INFO] - org.springframework.web.context.ContextLoader - Root WebApplicationContext: initialization completed in 2983 ms
2019-04-19 16:54:27,161 [ INFO] - org.springframework.boot.web.servlet.ServletRegistrationBean - Mapping servlet: 'dispatcherServlet' to [/]
2019-04-19 16:54:27,163 [ INFO] - org.springframework.boot.web.servlet.ServletRegistrationBean - Mapping servlet: 'statViewServlet' to [/druid/*]
2019-04-19 16:54:27,166 [ INFO] - org.springframework.boot.web.servlet.FilterRegistrationBean - Mapping filter: 'characterEncodingFilter' to: [/*]
2019-04-19 16:54:27,167 [ INFO] - org.springframework.boot.web.servlet.FilterRegistrationBean - Mapping filter: 'hiddenHttpMethodFilter' to: [/*]
2019-04-19 16:54:27,167 [ INFO] - org.springframework.boot.web.servlet.FilterRegistrationBean - Mapping filter: 'httpPutFormContentFilter' to: [/*]
2019-04-19 16:54:27,167 [ INFO] - org.springframework.boot.web.servlet.FilterRegistrationBean - Mapping filter: 'requestContextFilter' to: [/*]
2019-04-19 16:54:27,167 [ INFO] - org.springframework.boot.web.servlet.FilterRegistrationBean - Mapping filter: 'webStatFilter' to urls: [/*]
2019-04-19 16:54:28,187 [ INFO] - org.springframework.web.servlet.mvc.method.annotation.RequestMappingHandlerMapping - Mapped "{[/testboot/getuser],methods=[GET]}" onto public com.lzjd.mis.graduate.api.domain.pojo.User com.lzjd.mis.graduate.api.web.TestBootController.getUser(int)
2019-04-19 16:54:28,188 [ INFO] - org.springframework.web.servlet.mvc.method.annotation.RequestMappingHandlerMapping - Mapped "{[/v2/api-docs],methods=[GET],produces=[application/json || application/hal+json]}" onto public org.springframework.http.ResponseEntity<springfox.documentation.spring.web.json.Json> springfox.documentation.swagger2.web.Swagger2Controller.getDocumentation(java.lang.String,javax.servlet.http.HttpServletRequest)
2019-04-19 16:54:28,190 [ INFO] - org.springframework.web.servlet.mvc.method.annotation.RequestMappingHandlerMapping - Mapped "{[/swagger-resources/configuration/security]}" onto org.springframework.http.ResponseEntity<springfox.documentation.swagger.web.SecurityConfiguration> springfox.documentation.swagger.web.ApiResourceController.securityConfiguration()
2019-04-19 16:54:28,191 [ INFO] - org.springframework.web.servlet.mvc.method.annotation.RequestMappingHandlerMapping - Mapped "{[/swagger-resources]}" onto org.springframework.http.ResponseEntity<java.util.List<springfox.documentation.swagger.web.SwaggerResource>> springfox.documentation.swagger.web.ApiResourceController.swaggerResources()
2019-04-19 16:54:28,191 [ INFO] - org.springframework.web.servlet.mvc.method.annotation.RequestMappingHandlerMapping - Mapped "{[/swagger-resources/configuration/ui]}" onto org.springframework.http.ResponseEntity<springfox.documentation.swagger.web.UiConfiguration> springfox.documentation.swagger.web.ApiResourceController.uiConfiguration()
2019-04-19 16:54:28,194 [ INFO] - org.springframework.web.servlet.mvc.method.annotation.RequestMappingHandlerMapping - Mapped "{[/error]}" onto public org.springframework.http.ResponseEntity<java.util.Map<java.lang.String, java.lang.Object>> org.springframework.boot.autoconfigure.web.BasicErrorController.error(javax.servlet.http.HttpServletRequest)
2019-04-19 16:54:28,195 [ INFO] - org.springframework.web.servlet.mvc.method.annotation.RequestMappingHandlerMapping - Mapped "{[/error],produces=[text/html]}" onto public org.springframework.web.servlet.ModelAndView org.springframework.boot.autoconfigure.web.BasicErrorController.errorHtml(javax.servlet.http.HttpServletRequest,javax.servlet.http.HttpServletResponse)
2019-04-19 16:54:28,446 [ INFO] - org.springframework.web.servlet.mvc.method.annotation.RequestMappingHandlerAdapter - Looking for @ControllerAdvice: org.springframework.boot.context.embedded.AnnotationConfigEmbeddedWebApplicationContext@75d4a5c2: startup date [Fri Apr 19 16:54:23 CST 2019]; root of context hierarchy
2019-04-19 16:54:28,509 [ INFO] - org.springframework.web.servlet.handler.SimpleUrlHandlerMapping - Mapped URL path [/webjars/**] onto handler of type [class org.springframework.web.servlet.resource.ResourceHttpRequestHandler]
2019-04-19 16:54:28,509 [ INFO] - org.springframework.web.servlet.handler.SimpleUrlHandlerMapping - Mapped URL path [/**] onto handler of type [class org.springframework.web.servlet.resource.ResourceHttpRequestHandler]
2019-04-19 16:54:28,537 [ INFO] - org.springframework.web.servlet.handler.SimpleUrlHandlerMapping - Mapped URL path [/**/favicon.ico] onto handler of type [class org.springframework.web.servlet.resource.ResourceHttpRequestHandler]
2019-04-19 16:54:28,567 [ WARN] - org.springframework.boot.autoconfigure.thymeleaf.AbstractTemplateResolverConfiguration - Cannot find template location: classpath:/templates/ (please add some templates or check your Thymeleaf configuration)
2019-04-19 16:54:28,940 [ INFO] - org.springframework.jmx.export.annotation.AnnotationMBeanExporter - Registering beans for JMX exposure on startup
2019-04-19 16:54:28,941 [ INFO] - org.springframework.jmx.export.annotation.AnnotationMBeanExporter - Bean with name 'dataSource' has been autodetected for JMX exposure
2019-04-19 16:54:28,946 [ INFO] - org.springframework.jmx.export.annotation.AnnotationMBeanExporter - Located MBean 'dataSource': registering with JMX server as MBean [com.alibaba.druid.pool:name=dataSource,type=DruidDataSource]
2019-04-19 16:54:28,948 [ INFO] - org.springframework.context.support.DefaultLifecycleProcessor - Starting beans in phase 2147483647
2019-04-19 16:54:29,060 [ INFO] - org.apache.coyote.http11.Http11NioProtocol - Initializing ProtocolHandler ["http-nio-9021"]
2019-04-19 16:54:29,068 [ INFO] - org.apache.coyote.http11.Http11NioProtocol - Starting ProtocolHandler ["http-nio-9021"]
2019-04-19 16:54:29,076 [ INFO] - org.apache.tomcat.util.net.NioSelectorPool - Using a shared selector for servlet write/read
2019-04-19 16:54:29,086 [ INFO] - org.springframework.boot.context.embedded.tomcat.TomcatEmbeddedServletContainer - Tomcat started on port(s): 9021 (http)
2019-04-19 16:54:29,089 [ INFO] - com.lzjd.mis.graduate.GraduateApiBootApplication - Started GraduateApiBootApplication in 5.965 seconds (JVM running for 7.073)
2019-04-19 16:54:29,089 [ INFO] - com.lzjd.mis.graduate.GraduateApiBootApplication - ============= SpringBoot Start Success =============
2019-04-19 16:56:42,825 [ INFO] - org.apache.catalina.core.ContainerBase.[Tomcat].[localhost].[/] - Initializing Spring FrameworkServlet 'dispatcherServlet'
2019-04-19 16:56:42,825 [ INFO] - org.springframework.web.servlet.DispatcherServlet - FrameworkServlet 'dispatcherServlet': initialization started
2019-04-19 16:56:42,846 [ INFO] - org.springframework.web.servlet.DispatcherServlet - FrameworkServlet 'dispatcherServlet': initialization completed in 21 ms
2019-04-19 16:56:53,980 [ INFO] - com.alibaba.druid.pool.DruidDataSource - {dataSource-1} inited
2019-04-19 16:56:54,574 [DEBUG] - com.lzjd.mis.graduate.api.dao.mapper.UserDao.selectByPrimaryKey - ==>  Preparing: select id, user_name, password, age from user_t where id = ? 
2019-04-19 16:56:54,596 [DEBUG] - com.lzjd.mis.graduate.api.dao.mapper.UserDao.selectByPrimaryKey - ==> Parameters: 33(Integer)
2019-04-19 16:56:54,659 [DEBUG] - com.lzjd.mis.graduate.api.dao.mapper.UserDao.selectByPrimaryKey - <==      Total: 1
