2019-04-19 15:00:13,810 [ INFO] - com.lzjd.mis.graduate.GraduateApiBootApplication - Starting GraduateApiBootApplication on Coding with PID 6960 (D:\project\graduate\target\classes started by Kt.w in D:\project\graduate)
2019-04-19 15:00:13,813 [ INFO] - com.lzjd.mis.graduate.GraduateApiBootApplication - No active profile set, falling back to default profiles: default
2019-04-19 15:00:14,044 [ INFO] - org.hibernate.validator.internal.util.Version - HV000001: Hibernate Validator 5.3.5.Final
2019-04-19 15:00:14,074 [ INFO] - org.springframework.boot.context.embedded.AnnotationConfigEmbeddedWebApplicationContext - Refreshing org.springframework.boot.context.embedded.AnnotationConfigEmbeddedWebApplicationContext@6f7e336b: startup date [Fri Apr 19 15:00:14 CST 2019]; root of context hierarchy
2019-04-19 15:00:15,326 [ INFO] - org.springframework.context.support.PostProcessorRegistrationDelegate$BeanPostProcessorChecker - Bean 'org.springframework.transaction.annotation.ProxyTransactionManagementConfiguration' of type [org.springframework.transaction.annotation.ProxyTransactionManagementConfiguration$$EnhancerBySpringCGLIB$$490ab9e4] is not eligible for getting processed by all BeanPostProcessors (for example: not eligible for auto-proxying)
2019-04-19 15:00:15,710 [ INFO] - org.springframework.boot.context.embedded.tomcat.TomcatEmbeddedServletContainer - Tomcat initialized with port(s): 8080 (http)
2019-04-19 15:00:15,720 [ INFO] - org.apache.catalina.core.StandardService - Starting service [Tomcat]
2019-04-19 15:00:15,720 [ INFO] - org.apache.catalina.core.StandardEngine - Starting Servlet Engine: Apache Tomcat/8.5.16
2019-04-19 15:00:15,894 [ INFO] - org.apache.catalina.core.ContainerBase.[Tomcat].[localhost].[/] - Initializing Spring embedded WebApplicationContext
2019-04-19 15:00:15,894 [ INFO] - org.springframework.web.context.ContextLoader - Root WebApplicationContext: initialization completed in 1820 ms
2019-04-19 15:00:16,143 [ INFO] - org.springframework.boot.web.servlet.ServletRegistrationBean - Mapping servlet: 'dispatcherServlet' to [/]
2019-04-19 15:00:16,144 [ INFO] - org.springframework.boot.web.servlet.ServletRegistrationBean - Mapping servlet: 'statViewServlet' to [/druid/*]
2019-04-19 15:00:16,147 [ INFO] - org.springframework.boot.web.servlet.FilterRegistrationBean - Mapping filter: 'characterEncodingFilter' to: [/*]
2019-04-19 15:00:16,147 [ INFO] - org.springframework.boot.web.servlet.FilterRegistrationBean - Mapping filter: 'hiddenHttpMethodFilter' to: [/*]
2019-04-19 15:00:16,147 [ INFO] - org.springframework.boot.web.servlet.FilterRegistrationBean - Mapping filter: 'httpPutFormContentFilter' to: [/*]
2019-04-19 15:00:16,147 [ INFO] - org.springframework.boot.web.servlet.FilterRegistrationBean - Mapping filter: 'requestContextFilter' to: [/*]
2019-04-19 15:00:16,147 [ INFO] - org.springframework.boot.web.servlet.FilterRegistrationBean - Mapping filter: 'webStatFilter' to urls: [/*]
2019-04-19 15:00:17,240 [ INFO] - org.springframework.web.servlet.mvc.method.annotation.RequestMappingHandlerMapping - Mapped "{[/testboot/getuser],methods=[GET]}" onto public com.lzjd.mis.graduate.api.domain.pojo.User com.lzjd.mis.graduate.api.web.TestBootController.getUser(int)
2019-04-19 15:00:17,241 [ INFO] - org.springframework.web.servlet.mvc.method.annotation.RequestMappingHandlerMapping - Mapped "{[/v2/api-docs],methods=[GET],produces=[application/json || application/hal+json]}" onto public org.springframework.http.ResponseEntity<springfox.documentation.spring.web.json.Json> springfox.documentation.swagger2.web.Swagger2Controller.getDocumentation(java.lang.String,javax.servlet.http.HttpServletRequest)
2019-04-19 15:00:17,244 [ INFO] - org.springframework.web.servlet.mvc.method.annotation.RequestMappingHandlerMapping - Mapped "{[/swagger-resources/configuration/ui]}" onto org.springframework.http.ResponseEntity<springfox.documentation.swagger.web.UiConfiguration> springfox.documentation.swagger.web.ApiResourceController.uiConfiguration()
2019-04-19 15:00:17,245 [ INFO] - org.springframework.web.servlet.mvc.method.annotation.RequestMappingHandlerMapping - Mapped "{[/swagger-resources]}" onto org.springframework.http.ResponseEntity<java.util.List<springfox.documentation.swagger.web.SwaggerResource>> springfox.documentation.swagger.web.ApiResourceController.swaggerResources()
2019-04-19 15:00:17,245 [ INFO] - org.springframework.web.servlet.mvc.method.annotation.RequestMappingHandlerMapping - Mapped "{[/swagger-resources/configuration/security]}" onto org.springframework.http.ResponseEntity<springfox.documentation.swagger.web.SecurityConfiguration> springfox.documentation.swagger.web.ApiResourceController.securityConfiguration()
2019-04-19 15:00:17,248 [ INFO] - org.springframework.web.servlet.mvc.method.annotation.RequestMappingHandlerMapping - Mapped "{[/error]}" onto public org.springframework.http.ResponseEntity<java.util.Map<java.lang.String, java.lang.Object>> org.springframework.boot.autoconfigure.web.BasicErrorController.error(javax.servlet.http.HttpServletRequest)
2019-04-19 15:00:17,248 [ INFO] - org.springframework.web.servlet.mvc.method.annotation.RequestMappingHandlerMapping - Mapped "{[/error],produces=[text/html]}" onto public org.springframework.web.servlet.ModelAndView org.springframework.boot.autoconfigure.web.BasicErrorController.errorHtml(javax.servlet.http.HttpServletRequest,javax.servlet.http.HttpServletResponse)
2019-04-19 15:00:17,640 [ INFO] - org.springframework.web.servlet.mvc.method.annotation.RequestMappingHandlerAdapter - Looking for @ControllerAdvice: org.springframework.boot.context.embedded.AnnotationConfigEmbeddedWebApplicationContext@6f7e336b: startup date [Fri Apr 19 15:00:14 CST 2019]; root of context hierarchy
2019-04-19 15:00:17,701 [ INFO] - org.springframework.web.servlet.handler.SimpleUrlHandlerMapping - Mapped URL path [/webjars/**] onto handler of type [class org.springframework.web.servlet.resource.ResourceHttpRequestHandler]
2019-04-19 15:00:17,701 [ INFO] - org.springframework.web.servlet.handler.SimpleUrlHandlerMapping - Mapped URL path [/**] onto handler of type [class org.springframework.web.servlet.resource.ResourceHttpRequestHandler]
2019-04-19 15:00:17,745 [ INFO] - org.springframework.web.servlet.handler.SimpleUrlHandlerMapping - Mapped URL path [/**/favicon.ico] onto handler of type [class org.springframework.web.servlet.resource.ResourceHttpRequestHandler]
2019-04-19 15:00:17,781 [ WARN] - org.springframework.boot.autoconfigure.thymeleaf.AbstractTemplateResolverConfiguration - Cannot find template location: classpath:/templates/ (please add some templates or check your Thymeleaf configuration)
2019-04-19 15:00:18,400 [ INFO] - org.springframework.jmx.export.annotation.AnnotationMBeanExporter - Registering beans for JMX exposure on startup
2019-04-19 15:00:18,402 [ INFO] - org.springframework.jmx.export.annotation.AnnotationMBeanExporter - Bean with name 'dataSource' has been autodetected for JMX exposure
2019-04-19 15:00:18,409 [ INFO] - org.springframework.jmx.export.annotation.AnnotationMBeanExporter - Located MBean 'dataSource': registering with JMX server as MBean [com.alibaba.druid.pool:name=dataSource,type=DruidDataSource]
2019-04-19 15:00:18,413 [ INFO] - org.springframework.context.support.DefaultLifecycleProcessor - Starting beans in phase 2147483647
2019-04-19 15:00:18,578 [ INFO] - org.apache.coyote.http11.Http11NioProtocol - Initializing ProtocolHandler ["http-nio-8080"]
2019-04-19 15:00:18,586 [ INFO] - org.apache.coyote.http11.Http11NioProtocol - Starting ProtocolHandler ["http-nio-8080"]
2019-04-19 15:00:18,600 [ INFO] - org.apache.tomcat.util.net.NioSelectorPool - Using a shared selector for servlet write/read
2019-04-19 15:00:18,625 [ INFO] - org.springframework.boot.context.embedded.tomcat.TomcatEmbeddedServletContainer - Tomcat started on port(s): 8080 (http)
2019-04-19 15:00:18,632 [ INFO] - com.lzjd.mis.graduate.GraduateApiBootApplication - Started GraduateApiBootApplication in 5.286 seconds (JVM running for 8.758)
2019-04-19 15:00:18,632 [ INFO] - com.lzjd.mis.graduate.GraduateApiBootApplication - ============= SpringBoot Start Success =============
2019-04-19 15:00:22,612 [ INFO] - org.apache.catalina.core.ContainerBase.[Tomcat].[localhost].[/] - Initializing Spring FrameworkServlet 'dispatcherServlet'
2019-04-19 15:00:22,612 [ INFO] - org.springframework.web.servlet.DispatcherServlet - FrameworkServlet 'dispatcherServlet': initialization started
2019-04-19 15:00:22,636 [ INFO] - org.springframework.web.servlet.DispatcherServlet - FrameworkServlet 'dispatcherServlet': initialization completed in 24 ms
2019-04-19 15:00:35,472 [ INFO] - com.alibaba.druid.pool.DruidDataSource - {dataSource-1} inited
2019-04-19 15:00:36,104 [DEBUG] - com.lzjd.mis.graduate.api.dao.mapper.UserDao.selectByPrimaryKey - ==>  Preparing: select id, user_name, password, age from user_t where id = ? 
2019-04-19 15:00:36,140 [DEBUG] - com.lzjd.mis.graduate.api.dao.mapper.UserDao.selectByPrimaryKey - ==> Parameters: 33(Integer)
2019-04-19 15:00:36,216 [DEBUG] - com.lzjd.mis.graduate.api.dao.mapper.UserDao.selectByPrimaryKey - <==      Total: 1
2019-04-19 15:24:11,162 [ INFO] - com.lzjd.mis.graduate.GraduateApiBootApplication - Starting GraduateApiBootApplication on Coding with PID 6200 (D:\project\graduate\target\classes started by Kt.w in D:\project\graduate)
2019-04-19 15:24:11,166 [ INFO] - com.lzjd.mis.graduate.GraduateApiBootApplication - No active profile set, falling back to default profiles: default
2019-04-19 15:24:11,416 [ INFO] - org.hibernate.validator.internal.util.Version - HV000001: Hibernate Validator 5.3.5.Final
2019-04-19 15:24:11,461 [ INFO] - org.springframework.boot.context.embedded.AnnotationConfigEmbeddedWebApplicationContext - Refreshing org.springframework.boot.context.embedded.AnnotationConfigEmbeddedWebApplicationContext@38eb2fb0: startup date [Fri Apr 19 15:24:11 CST 2019]; root of context hierarchy
2019-04-19 15:24:13,007 [ INFO] - org.springframework.context.support.PostProcessorRegistrationDelegate$BeanPostProcessorChecker - Bean 'org.springframework.transaction.annotation.ProxyTransactionManagementConfiguration' of type [org.springframework.transaction.annotation.ProxyTransactionManagementConfiguration$$EnhancerBySpringCGLIB$$1182e068] is not eligible for getting processed by all BeanPostProcessors (for example: not eligible for auto-proxying)
2019-04-19 15:24:13,560 [ INFO] - org.springframework.boot.context.embedded.tomcat.TomcatEmbeddedServletContainer - Tomcat initialized with port(s): 9021 (http)
2019-04-19 15:24:13,577 [ INFO] - org.apache.catalina.core.StandardService - Starting service [Tomcat]
2019-04-19 15:24:13,578 [ INFO] - org.apache.catalina.core.StandardEngine - Starting Servlet Engine: Apache Tomcat/8.5.16
2019-04-19 15:24:13,857 [ INFO] - org.apache.catalina.core.ContainerBase.[Tomcat].[localhost].[/] - Initializing Spring embedded WebApplicationContext
2019-04-19 15:24:13,857 [ INFO] - org.springframework.web.context.ContextLoader - Root WebApplicationContext: initialization completed in 2396 ms
2019-04-19 15:24:14,265 [ INFO] - org.springframework.boot.web.servlet.ServletRegistrationBean - Mapping servlet: 'dispatcherServlet' to [/]
2019-04-19 15:24:14,268 [ INFO] - org.springframework.boot.web.servlet.ServletRegistrationBean - Mapping servlet: 'statViewServlet' to [/druid/*]
2019-04-19 15:24:14,280 [ INFO] - org.springframework.boot.web.servlet.FilterRegistrationBean - Mapping filter: 'characterEncodingFilter' to: [/*]
2019-04-19 15:24:14,281 [ INFO] - org.springframework.boot.web.servlet.FilterRegistrationBean - Mapping filter: 'hiddenHttpMethodFilter' to: [/*]
2019-04-19 15:24:14,281 [ INFO] - org.springframework.boot.web.servlet.FilterRegistrationBean - Mapping filter: 'httpPutFormContentFilter' to: [/*]
2019-04-19 15:24:14,281 [ INFO] - org.springframework.boot.web.servlet.FilterRegistrationBean - Mapping filter: 'requestContextFilter' to: [/*]
2019-04-19 15:24:14,281 [ INFO] - org.springframework.boot.web.servlet.FilterRegistrationBean - Mapping filter: 'webStatFilter' to urls: [/*]
2019-04-19 15:24:15,588 [ INFO] - org.springframework.web.servlet.mvc.method.annotation.RequestMappingHandlerMapping - Mapped "{[/testboot/getuser],methods=[GET]}" onto public com.lzjd.mis.graduate.api.domain.pojo.User com.lzjd.mis.graduate.api.web.TestBootController.getUser(int)
2019-04-19 15:24:15,589 [ INFO] - org.springframework.web.servlet.mvc.method.annotation.RequestMappingHandlerMapping - Mapped "{[/v2/api-docs],methods=[GET],produces=[application/json || application/hal+json]}" onto public org.springframework.http.ResponseEntity<springfox.documentation.spring.web.json.Json> springfox.documentation.swagger2.web.Swagger2Controller.getDocumentation(java.lang.String,javax.servlet.http.HttpServletRequest)
2019-04-19 15:24:15,592 [ INFO] - org.springframework.web.servlet.mvc.method.annotation.RequestMappingHandlerMapping - Mapped "{[/swagger-resources/configuration/ui]}" onto org.springframework.http.ResponseEntity<springfox.documentation.swagger.web.UiConfiguration> springfox.documentation.swagger.web.ApiResourceController.uiConfiguration()
2019-04-19 15:24:15,593 [ INFO] - org.springframework.web.servlet.mvc.method.annotation.RequestMappingHandlerMapping - Mapped "{[/swagger-resources]}" onto org.springframework.http.ResponseEntity<java.util.List<springfox.documentation.swagger.web.SwaggerResource>> springfox.documentation.swagger.web.ApiResourceController.swaggerResources()
2019-04-19 15:24:15,593 [ INFO] - org.springframework.web.servlet.mvc.method.annotation.RequestMappingHandlerMapping - Mapped "{[/swagger-resources/configuration/security]}" onto org.springframework.http.ResponseEntity<springfox.documentation.swagger.web.SecurityConfiguration> springfox.documentation.swagger.web.ApiResourceController.securityConfiguration()
2019-04-19 15:24:15,596 [ INFO] - org.springframework.web.servlet.mvc.method.annotation.RequestMappingHandlerMapping - Mapped "{[/error]}" onto public org.springframework.http.ResponseEntity<java.util.Map<java.lang.String, java.lang.Object>> org.springframework.boot.autoconfigure.web.BasicErrorController.error(javax.servlet.http.HttpServletRequest)
2019-04-19 15:24:15,596 [ INFO] - org.springframework.web.servlet.mvc.method.annotation.RequestMappingHandlerMapping - Mapped "{[/error],produces=[text/html]}" onto public org.springframework.web.servlet.ModelAndView org.springframework.boot.autoconfigure.web.BasicErrorController.errorHtml(javax.servlet.http.HttpServletRequest,javax.servlet.http.HttpServletResponse)
2019-04-19 15:24:15,987 [ INFO] - org.springframework.web.servlet.mvc.method.annotation.RequestMappingHandlerAdapter - Looking for @ControllerAdvice: org.springframework.boot.context.embedded.AnnotationConfigEmbeddedWebApplicationContext@38eb2fb0: startup date [Fri Apr 19 15:24:11 CST 2019]; root of context hierarchy
2019-04-19 15:24:16,046 [ INFO] - org.springframework.web.servlet.handler.SimpleUrlHandlerMapping - Mapped URL path [/webjars/**] onto handler of type [class org.springframework.web.servlet.resource.ResourceHttpRequestHandler]
2019-04-19 15:24:16,046 [ INFO] - org.springframework.web.servlet.handler.SimpleUrlHandlerMapping - Mapped URL path [/**] onto handler of type [class org.springframework.web.servlet.resource.ResourceHttpRequestHandler]
2019-04-19 15:24:16,090 [ INFO] - org.springframework.web.servlet.handler.SimpleUrlHandlerMapping - Mapped URL path [/**/favicon.ico] onto handler of type [class org.springframework.web.servlet.resource.ResourceHttpRequestHandler]
2019-04-19 15:24:16,124 [ WARN] - org.springframework.boot.autoconfigure.thymeleaf.AbstractTemplateResolverConfiguration - Cannot find template location: classpath:/templates/ (please add some templates or check your Thymeleaf configuration)
2019-04-19 15:24:16,738 [ INFO] - org.springframework.jmx.export.annotation.AnnotationMBeanExporter - Registering beans for JMX exposure on startup
2019-04-19 15:24:16,740 [ INFO] - org.springframework.jmx.export.annotation.AnnotationMBeanExporter - Bean with name 'dataSource' has been autodetected for JMX exposure
2019-04-19 15:24:16,747 [ INFO] - org.springframework.jmx.export.annotation.AnnotationMBeanExporter - Located MBean 'dataSource': registering with JMX server as MBean [com.alibaba.druid.pool:name=dataSource,type=DruidDataSource]
2019-04-19 15:24:16,751 [ INFO] - org.springframework.context.support.DefaultLifecycleProcessor - Starting beans in phase 2147483647
2019-04-19 15:24:16,914 [ INFO] - org.apache.coyote.http11.Http11NioProtocol - Initializing ProtocolHandler ["http-nio-9021"]
2019-04-19 15:24:16,921 [ INFO] - org.apache.coyote.http11.Http11NioProtocol - Starting ProtocolHandler ["http-nio-9021"]
2019-04-19 15:24:16,934 [ INFO] - org.apache.tomcat.util.net.NioSelectorPool - Using a shared selector for servlet write/read
2019-04-19 15:24:16,959 [ INFO] - org.springframework.boot.context.embedded.tomcat.TomcatEmbeddedServletContainer - Tomcat started on port(s): 9021 (http)
2019-04-19 15:24:16,965 [ INFO] - com.lzjd.mis.graduate.GraduateApiBootApplication - Started GraduateApiBootApplication in 6.288 seconds (JVM running for 9.856)
2019-04-19 15:24:16,966 [ INFO] - com.lzjd.mis.graduate.GraduateApiBootApplication - ============= SpringBoot Start Success =============
2019-04-19 15:24:29,253 [ INFO] - org.apache.catalina.core.ContainerBase.[Tomcat].[localhost].[/] - Initializing Spring FrameworkServlet 'dispatcherServlet'
2019-04-19 15:24:29,253 [ INFO] - org.springframework.web.servlet.DispatcherServlet - FrameworkServlet 'dispatcherServlet': initialization started
2019-04-19 15:24:29,280 [ INFO] - org.springframework.web.servlet.DispatcherServlet - FrameworkServlet 'dispatcherServlet': initialization completed in 27 ms
